<?xml version="1.0" encoding="UTF-8"?>
<!-- Generated by org.testng.reporters.JUnitXMLReporter -->
<testsuite hostname="DESKTOP-DTEVS64" ignored="0" name="Test4" tests="3" failures="0" timestamp="02 Oct 2017 10:59:13 GMT" time="75.882" errors="0">
  <testcase name="launch" time="54.166" classname="mypack.Gmail_Testng"/>
  <testcase name="useridtest" time="15.995" classname="mypack.Gmail_Testng"/>
  <testcase name="close" time="5.685" classname="mypack.Gmail_Testng"/>
</testsuite> <!-- Test4 -->
