<?xml version="1.0" encoding="UTF-8"?>
<!-- Generated by org.testng.reporters.JUnitXMLReporter -->
<testsuite hostname="DESKTOP-DTEVS64" ignored="0" name="Test2" tests="3" failures="0" timestamp="15 Nov 2017 17:16:19 GMT" time="40.385" errors="0">
  <testcase name="launch" time="27.029" classname="mypack.Gmail_Testng"/>
  <testcase name="useridtest" time="10.975" classname="mypack.Gmail_Testng"/>
  <testcase name="close" time="2.331" classname="mypack.Gmail_Testng"/>
</testsuite> <!-- Test2 -->
