<?xml version="1.0" encoding="UTF-8"?>
<!-- Generated by org.testng.reporters.JUnitXMLReporter -->
<testsuite hostname="DESKTOP-DTEVS64" ignored="0" name="Test3" tests="3" failures="0" timestamp="15 Nov 2017 17:16:19 GMT" time="40.119" errors="0">
  <testcase name="launch" time="26.888" classname="mypack.Gmail_Testng"/>
  <testcase name="useridtest" time="10.847" classname="mypack.Gmail_Testng"/>
  <testcase name="close" time="2.319" classname="mypack.Gmail_Testng"/>
</testsuite> <!-- Test3 -->
